# JRE version: Java(TM) SE Runtime Environment (17.0.2+8) (build 17.0.2+8-LTS-86)
# Java VM: Java HotSpot(TM) 64-Bit Server VM (17.0.2+8-LTS-86, mixed mode, sharing, tiered, compressed oops, compressed class ptrs, g1 gc, windows-amd64)
GC Precious Log:
 CPUs: 4 total, 4 available
 Memory: 3981M
 Large Page Support: Disabled
 NUMA Support: Disabled
 Compressed Oops: Enabled (32-bit)
 Heap Region Size: 1M
 Heap Min Capacity: 8M
 Heap Initial Capacity: 64M
 Heap Max Capacity: 996M
 Pre-touch: Disabled
 Parallel Workers: 4
 Concurrent Workers: 1
 Concurrent Refinement Workers: 4
 Periodic GC: Disabled
Heap:
 garbage-first heap   total 149504K, used 78945K [0x00000000c1c00000, 0x0000000100000000)
  region size 1024K, 24 young (24576K), 1 survivors (1024K)
 Metaspace       used 34472K, committed 34688K, reserved 1081344K
  class space    used 3918K, committed 4032K, reserved 1048576K
GC Heap History (20 events):
Event: 19.681 GC heap before
{Heap before GC invocations=10 (full 0):
 garbage-first heap   total 65536K, used 48860K [0x00000000c1c00000, 0x0000000100000000)
  region size 1024K, 19 young (19456K), 1 survivors (1024K)
 Metaspace       used 22167K, committed 22400K, reserved 1073152K
  class space    used 2260K, committed 2368K, reserved 1048576K
}
Event: 19.689 GC heap after
{Heap after GC invocations=11 (full 0):
 garbage-first heap   total 65536K, used 31133K [0x00000000c1c00000, 0x0000000100000000)
  region size 1024K, 2 young (2048K), 2 survivors (2048K)
 Metaspace       used 22167K, committed 22400K, reserved 1073152K
  class space    used 2260K, committed 2368K, reserved 1048576K
}
Event: 20.417 GC heap before
{Heap before GC invocations=11 (full 0):
 garbage-first heap   total 65536K, used 48541K [0x00000000c1c00000, 0x0000000100000000)
  region size 1024K, 20 young (20480K), 2 survivors (2048K)
 Metaspace       used 22825K, committed 23040K, reserved 1073152K
  class space    used 2343K, committed 2432K, reserved 1048576K
}
Event: 20.427 GC heap after
{Heap after GC invocations=12 (full 0):
 garbage-first heap   total 78848K, used 32149K [0x00000000c1c00000, 0x0000000100000000)
  region size 1024K, 2 young (2048K), 2 survivors (2048K)
 Metaspace       used 22825K, committed 23040K, reserved 1073152K
  class space    used 2343K, committed 2432K, reserved 1048576K
}
Event: 22.175 GC heap before
{Heap before GC invocations=13 (full 0):
 garbage-first heap   total 78848K, used 60821K [0x00000000c1c00000, 0x0000000100000000)
  region size 1024K, 30 young (30720K), 2 survivors (2048K)
 Metaspace       used 24137K, committed 24320K, reserved 1073152K
  class space    used 2541K, committed 2624K, reserved 1048576K
}
Event: 22.194 GC heap after
{Heap after GC invocations=14 (full 0):
 garbage-first heap   total 78848K, used 35600K [0x00000000c1c00000, 0x0000000100000000)
  region size 1024K, 4 young (4096K), 4 survivors (4096K)
 Metaspace       used 24137K, committed 24320K, reserved 1073152K
  class space    used 2541K, committed 2624K, reserved 1048576K
}
Event: 23.592 GC heap before
{Heap before GC invocations=14 (full 0):
 garbage-first heap   total 78848K, used 61200K [0x00000000c1c00000, 0x0000000100000000)
  region size 1024K, 29 young (29696K), 4 survivors (4096K)
 Metaspace       used 25250K, committed 25408K, reserved 1073152K
  class space    used 2680K, committed 2752K, reserved 1048576K
}
Event: 23.613 GC heap after
{Heap after GC invocations=15 (full 0):
 garbage-first heap   total 78848K, used 38826K [0x00000000c1c00000, 0x0000000100000000)
  region size 1024K, 3 young (3072K), 3 survivors (3072K)
 Metaspace       used 25250K, committed 25408K, reserved 1073152K
  class space    used 2680K, committed 2752K, reserved 1048576K
}
Event: 25.623 GC heap before
{Heap before GC invocations=15 (full 0):
 garbage-first heap   total 78848K, used 62378K [0x00000000c1c00000, 0x0000000100000000)
  region size 1024K, 26 young (26624K), 3 survivors (3072K)
 Metaspace       used 26425K, committed 26688K, reserved 1073152K
  class space    used 2824K, committed 2944K, reserved 1048576K
}
Event: 25.641 GC heap after
{Heap after GC invocations=16 (full 0):
 garbage-first heap   total 78848K, used 41897K [0x00000000c1c00000, 0x0000000100000000)
  region size 1024K, 4 young (4096K), 4 survivors (4096K)
 Metaspace       used 26425K, committed 26688K, reserved 1073152K
  class space    used 2824K, committed 2944K, reserved 1048576K
}
Event: 26.760 GC heap before
{Heap before GC invocations=17 (full 0):
 garbage-first heap   total 78848K, used 61353K [0x00000000c1c00000, 0x0000000100000000)
  region size 1024K, 23 young (23552K), 4 survivors (4096K)
 Metaspace       used 27406K, committed 27648K, reserved 1081344K
  class space    used 2952K, committed 3072K, reserved 1048576K
}
Event: 26.777 GC heap after
{Heap after GC invocations=18 (full 0):
 garbage-first heap   total 78848K, used 43813K [0x00000000c1c00000, 0x0000000100000000)
  region size 1024K, 3 young (3072K), 3 survivors (3072K)
 Metaspace       used 27406K, committed 27648K, reserved 1081344K
  class space    used 2952K, committed 3072K, reserved 1048576K
}
Event: 26.805 GC heap before
{Heap before GC invocations=18 (full 0):
 garbage-first heap   total 78848K, used 44837K [0x00000000c1c00000, 0x0000000100000000)
  region size 1024K, 4 young (4096K), 3 survivors (3072K)
 Metaspace       used 27432K, committed 27648K, reserved 1081344K
  class space    used 2952K, committed 3072K, reserved 1048576K
}
Event: 26.815 GC heap after
{Heap after GC invocations=19 (full 0):
 garbage-first heap   total 78848K, used 44246K [0x00000000c1c00000, 0x0000000100000000)
  region size 1024K, 1 young (1024K), 1 survivors (1024K)
 Metaspace       used 27432K, committed 27648K, reserved 1081344K
  class space    used 2952K, committed 3072K, reserved 1048576K
}
Event: 27.485 GC heap before
{Heap before GC invocations=19 (full 0):
 garbage-first heap   total 78848K, used 62678K [0x00000000c1c00000, 0x0000000100000000)
  region size 1024K, 19 young (19456K), 1 survivors (1024K)
 Metaspace       used 28504K, committed 28736K, reserved 1081344K
  class space    used 3085K, committed 3200K, reserved 1048576K
}
Event: 27.495 GC heap after
{Heap after GC invocations=20 (full 0):
 garbage-first heap   total 149504K, used 45166K [0x00000000c1c00000, 0x0000000100000000)
  region size 1024K, 2 young (2048K), 2 survivors (2048K)
 Metaspace       used 28504K, committed 28736K, reserved 1081344K
  class space    used 3085K, committed 3200K, reserved 1048576K
}
Event: 41.007 GC heap before
{Heap before GC invocations=21 (full 0):
 garbage-first heap   total 149504K, used 120942K [0x00000000c1c00000, 0x0000000100000000)
  region size 1024K, 71 young (72704K), 2 survivors (2048K)
 Metaspace       used 32872K, committed 33152K, reserved 1081344K
  class space    used 3716K, committed 3840K, reserved 1048576K
}
Event: 41.027 GC heap after
{Heap after GC invocations=22 (full 0):
 garbage-first heap   total 149504K, used 56087K [0x00000000c1c00000, 0x0000000100000000)
  region size 1024K, 8 young (8192K), 8 survivors (8192K)
 Metaspace       used 32872K, committed 33152K, reserved 1081344K
  class space    used 3716K, committed 3840K, reserved 1048576K
}
Event: 41.048 GC heap before
{Heap before GC invocations=22 (full 0):
 garbage-first heap   total 149504K, used 57111K [0x00000000c1c00000, 0x0000000100000000)
  region size 1024K, 9 young (9216K), 8 survivors (8192K)
 Metaspace       used 32907K, committed 33152K, reserved 1081344K
  class space    used 3721K, committed 3840K, reserved 1048576K
}
Event: 41.065 GC heap after
{Heap after GC invocations=23 (full 0):
 garbage-first heap   total 149504K, used 56417K [0x00000000c1c00000, 0x0000000100000000)
  region size 1024K, 1 young (1024K), 1 survivors (1024K)
 Metaspace       used 32907K, committed 33152K, reserved 1081344K
  class space    used 3721K, committed 3840K, reserved 1048576K
}

